<?xml version="1.0" encoding="UTF-8"?>
<testng-results ignored="0" total="1" passed="1" failed="0" skipped="0">
  <reporter-output>
  </reporter-output>
  <suite started-at="2023-12-17T14:57:09 IST" name="Default suite" finished-at="2023-12-17T14:57:12 IST" duration-ms="3082">
    <groups>
    </groups>
    <test started-at="2023-12-17T14:57:09 IST" name="Default test" finished-at="2023-12-17T14:57:12 IST" duration-ms="3082">
      <class name="com.restAPI.apiTest.BookerApi">
        <test-method signature="postAPI()[pri:0, instance:com.restAPI.apiTest.BookerApi@2b48a640]" started-at="2023-12-17T14:57:09 IST" name="postAPI" finished-at="2023-12-17T14:57:12 IST" duration-ms="3053" status="PASS">
          <reporter-output>
          </reporter-output>
        </test-method> <!-- postAPI -->
      </class> <!-- com.restAPI.apiTest.BookerApi -->
    </test> <!-- Default test -->
  </suite> <!-- Default suite -->
</testng-results>
